<?xml version="1.0" encoding="UTF-8"?>
<!-- Generated by org.testng.reporters.JUnitReportReporter -->
<testsuite skipped="0" hostname="L-BG-P10405304" name="uk.co.capita.advantagecontractor.tests.LoginWithInvalidCredTest" tests="1" failures="0" timestamp="10 Aug 2017 09:30:22 GMT" time="43.587" errors="0">
  <testcase name="loginWithInvalidCredTest" time="43.587" classname="uk.co.capita.advantagecontractor.tests.LoginWithInvalidCredTest"/>
</testsuite> <!-- uk.co.capita.advantagecontractor.tests.LoginWithInvalidCredTest -->
