<?xml version="1.0" encoding="UTF-8"?>
<!-- Generated by org.testng.reporters.JUnitReportReporter -->
<testsuite skipped="0" hostname="L-BG-P10405304" name="uk.co.capita.advantagecontractor.tests.LoginAndCreateANewJobTest" tests="1" failures="0" timestamp="10 Aug 2017 11:21:07 GMT" time="85.624" errors="0">
  <testcase name="loginAndCreateANewJob" time="85.624" classname="uk.co.capita.advantagecontractor.tests.LoginAndCreateANewJobTest"/>
</testsuite> <!-- uk.co.capita.advantagecontractor.tests.LoginAndCreateANewJobTest -->
