<?xml version="1.0" encoding="UTF-8"?>
<!-- Generated by org.testng.reporters.JUnitReportReporter -->
<testsuite skipped="0" hostname="L-BG-P10405304" name="uk.co.capita.advantagecontractor.tests.ManageJob_ChangeTargetDateAndTimeTest" tests="1" failures="0" timestamp="02 Aug 2017 09:03:34 GMT" time="50.817" errors="0">
  <testcase name="loginAndCreateANewJob" time="50.817" classname="uk.co.capita.advantagecontractor.tests.ManageJob_ChangeTargetDateAndTimeTest"/>
</testsuite> <!-- uk.co.capita.advantagecontractor.tests.ManageJob_ChangeTargetDateAndTimeTest -->
