<?xml version="1.0" encoding="UTF-8"?>
<!-- Generated by org.testng.reporters.JUnitReportReporter -->
<testsuite skipped="0" hostname="L-BG-P10405304" name="uk.co.capita.advantagecontractor.roughwork.DataProvider" tests="4" failures="0" timestamp="26 Jul 2017 10:09:49 GMT" time="0.015" errors="0">
  <testcase name="LogIn_Test" time="0.015" classname="uk.co.capita.advantagecontractor.roughwork.DataProvider"/>
  <testcase name="LogIn_Test" time="0.000" classname="uk.co.capita.advantagecontractor.roughwork.DataProvider"/>
  <testcase name="LogIn_Test" time="0.000" classname="uk.co.capita.advantagecontractor.roughwork.DataProvider"/>
  <testcase name="LogIn_Test" time="0.000" classname="uk.co.capita.advantagecontractor.roughwork.DataProvider"/>
</testsuite> <!-- uk.co.capita.advantagecontractor.roughwork.DataProvider -->
