<?xml version="1.0" encoding="UTF-8"?>
<!-- Generated by org.testng.reporters.JUnitReportReporter -->
<testsuite skipped="0" hostname="L-BG-P10405304" name="uk.co.capita.advantagecontractor.tests.TestDisplay" tests="1" failures="0" timestamp="26 Jul 2017 08:52:18 GMT" time="0.008" errors="0">
  <testcase name="loginWithValidCred" time="0.008" classname="uk.co.capita.advantagecontractor.tests.TestDisplay"/>
</testsuite> <!-- uk.co.capita.advantagecontractor.tests.TestDisplay -->
